

NVIM v0.3.4
Build type: Release
LuaJIT 2.0.5
Compilation: /usr/bin/cc -march=x86-64 -mtune=generic -O2 -pipe -fstack-protector-strong -fno-plt -Wconversion -O2 -DNDEBUG -DMIN_LOG_LEVEL=3 -Wall -Wextra -pedantic -Wno-unused-parameter -Wstrict-prototypes -std=gnu99 -Wimplicit-fallthrough -Wvla -fstack-protector-strong -fdiagnostics-color=auto -Wno-array-bounds -DINCLUDE_GENERATED_DECLARATIONS -D_GNU_SOURCE -DNVIM_MSGPACK_HAS_FLOAT32 -DNVIM_UNIBI_HAS_VAR_FROM -I/build/neovim/src/build/config -I/build/neovim/src/neovim-0.3.4/src -I/usr/include -I/build/neovim/src/build/src/nvim/auto -I/build/neovim/src/build/include
Compiled by builduser

Features: +acl +iconv +jemalloc +tui 
See ":help feature-compile"

   system vimrc file: "$VIM/sysinit.vim"
  fall-back for $VIM: "/usr/share/nvim"

Run :checkhealth for more info1970-01-02 00:41:58.024331: ToggleWindow called
1970-01-02 00:41:58.025046: CloseWindow called
1970-01-02 00:41:58.035225: AutoUpdate called [/home/ginko/Documents/projects/rl_giulia/agent.py]
1970-01-02 00:41:58.035836: Vim filetype: 'python', sanitized filetype: 'python'
1970-01-02 00:41:58.036177: Checking if file is valid [/home/ginko/Documents/projects/rl_giulia/agent.py]
1970-01-02 00:41:58.037084: File data seems up to date [/home/ginko/Documents/projects/rl_giulia/agent.py]
1970-01-02 00:41:58.037872: Setting current file [/home/ginko/Documents/projects/rl_giulia/agent.py]
1970-01-02 00:41:58.039133: AutoUpdate finished successfully
1970-01-02 00:41:58.039536: goto_win(): wincmd p, 0
1970-01-02 00:41:58.042311: CloseWindow finished
1970-01-02 00:41:58.490334: ToggleWindow called
1970-01-02 00:41:58.491157: OpenWindow called with flags: ''
1970-01-02 00:41:58.636096: Creating autocommands
1970-01-02 00:41:58.637635: AutoUpdate called [/home/ginko/Documents/projects/rl_giulia/agent.py]
1970-01-02 00:41:58.638247: Vim filetype: 'python', sanitized filetype: 'python'
1970-01-02 00:41:58.638590: Checking if file is valid [/home/ginko/Documents/projects/rl_giulia/agent.py]
1970-01-02 00:41:58.639501: File data seems up to date [/home/ginko/Documents/projects/rl_giulia/agent.py]
1970-01-02 00:41:58.640273: Setting current file [/home/ginko/Documents/projects/rl_giulia/agent.py]
1970-01-02 00:41:58.641596: AutoUpdate finished successfully
1970-01-02 00:41:58.652249: AutoUpdate called [/home/ginko/Documents/projects/rl_giulia/__Tagbar__.1]
1970-01-02 00:41:58.652690: Still opening window, stopping processing
1970-01-02 00:41:58.661272: InitWindow called with autoclose: 0
1970-01-02 00:41:58.681681: AutoUpdate called [/home/ginko/Documents/projects/rl_giulia/__Tagbar__.1]
1970-01-02 00:41:58.682240: In Tagbar window, stopping processing
1970-01-02 00:41:58.684325: InitWindow finished
1970-01-02 00:41:58.684767: AutoUpdate called [/home/ginko/Documents/projects/rl_giulia/agent.py]
1970-01-02 00:41:58.685301: Vim filetype: 'python', sanitized filetype: 'python'
1970-01-02 00:41:58.685641: Checking if file is valid [/home/ginko/Documents/projects/rl_giulia/agent.py]
1970-01-02 00:41:58.686554: File data seems up to date [/home/ginko/Documents/projects/rl_giulia/agent.py]
1970-01-02 00:41:58.687242: RenderContent called
1970-01-02 00:41:58.688117: Redisplaying file [/home/ginko/Documents/projects/rl_giulia/agent.py]
1970-01-02 00:41:58.689047: PrintKinds called
1970-01-02 00:41:58.689508: Printing kind: i, number of (top-level) tags: 0
1970-01-02 00:41:58.689922: Printing kind: c, number of (top-level) tags: 1
1970-01-02 00:41:58.697235: Printing kind: f, number of (top-level) tags: 0
1970-01-02 00:41:58.697725: Printing kind: m, number of (top-level) tags: 0
1970-01-02 00:41:58.698143: Printing kind: v, number of (top-level) tags: 0
1970-01-02 00:41:58.698550: Printing kind: ?, number of (top-level) tags: 0
1970-01-02 00:41:58.700252: Setting current file [/home/ginko/Documents/projects/rl_giulia/agent.py]
1970-01-02 00:41:58.726103: AutoUpdate finished successfully
1970-01-02 00:41:58.727754: RenderContent called
1970-01-02 00:41:58.728782: Redisplaying file [/home/ginko/Documents/projects/rl_giulia/agent.py]
1970-01-02 00:41:58.729694: PrintKinds called
1970-01-02 00:41:58.730205: Printing kind: i, number of (top-level) tags: 0
1970-01-02 00:41:58.730662: Printing kind: c, number of (top-level) tags: 1
1970-01-02 00:41:58.737698: Printing kind: f, number of (top-level) tags: 0
1970-01-02 00:41:58.738129: Printing kind: m, number of (top-level) tags: 0
1970-01-02 00:41:58.738552: Printing kind: v, number of (top-level) tags: 0
1970-01-02 00:41:58.738957: Printing kind: ?, number of (top-level) tags: 0
1970-01-02 00:41:58.763701: Highlight pattern: '/^\%3l\s*[▼▶ ][-+# ]\?\zs[^( ]\+\ze/'
1970-01-02 00:41:58.791732: AutoUpdate called [/home/ginko/Documents/projects/rl_giulia/agent.py]
1970-01-02 00:41:58.792321: Vim filetype: 'python', sanitized filetype: 'python'
1970-01-02 00:41:58.792659: Checking if file is valid [/home/ginko/Documents/projects/rl_giulia/agent.py]
1970-01-02 00:41:58.793590: File data seems up to date [/home/ginko/Documents/projects/rl_giulia/agent.py]
1970-01-02 00:41:58.794546: Setting current file [/home/ginko/Documents/projects/rl_giulia/agent.py]
1970-01-02 00:41:58.795816: goto_win(): wincmd p, 1
1970-01-02 00:41:58.796357: goto_win(): 2wincmd w, 1
1970-01-02 00:41:58.797437: goto_win(): 2wincmd w, 1
1970-01-02 00:41:58.797903: goto_win(): 1wincmd w, 1
1970-01-02 00:41:58.798336: AutoUpdate finished successfully
1970-01-02 00:41:58.798746: OpenWindow finished
1970-01-02 00:41:58.799049: ToggleWindow finished
1970-01-02 00:42:02.808137: AutoUpdate called [/home/ginko/Documents/projects/rl_giulia/agent.py]
1970-01-02 00:42:02.808793: Vim filetype: 'python', sanitized filetype: 'python'
1970-01-02 00:42:02.809191: Checking if file is valid [/home/ginko/Documents/projects/rl_giulia/agent.py]
1970-01-02 00:42:02.810134: File data seems up to date [/home/ginko/Documents/projects/rl_giulia/agent.py]
1970-01-02 00:42:02.811192: Setting current file [/home/ginko/Documents/projects/rl_giulia/agent.py]
1970-01-02 00:42:02.812490: goto_win(): wincmd p, 1
1970-01-02 00:42:02.813036: goto_win(): 2wincmd w, 1
1970-01-02 00:42:02.814122: goto_win(): 2wincmd w, 1
1970-01-02 00:42:02.814651: goto_win(): 1wincmd w, 1
1970-01-02 00:42:02.815090: AutoUpdate finished successfully
1970-01-02 00:48:15.509247: ToggleWindow called
1970-01-02 00:48:15.509871: CloseWindow called
1970-01-02 00:48:15.510743: goto_win(): 2wincmd w, 0
1970-01-02 00:48:15.521691: AutoUpdate called [/home/ginko/Documents/projects/rl_giulia/__Tagbar__.1]
1970-01-02 00:48:15.522372: In Tagbar window, stopping processing
1970-01-02 00:48:15.532350: AutoUpdate called [/home/ginko/Documents/projects/rl_giulia/agent.py]
1970-01-02 00:48:15.533038: Vim filetype: 'python', sanitized filetype: 'python'
1970-01-02 00:48:15.533398: Checking if file is valid [/home/ginko/Documents/projects/rl_giulia/agent.py]
1970-01-02 00:48:15.534448: File data seems up to date [/home/ginko/Documents/projects/rl_giulia/agent.py]
1970-01-02 00:48:15.535239: Setting current file [/home/ginko/Documents/projects/rl_giulia/agent.py]
1970-01-02 00:48:15.538400: AutoUpdate finished successfully
1970-01-02 00:48:15.538913: goto_win(): 1wincmd w, 0
1970-01-02 00:48:15.542425: CloseWindow finished
1970-01-02 00:48:15.774812: ToggleWindow called
1970-01-02 00:48:15.775528: OpenWindow called with flags: ''
1970-01-02 00:48:15.776525: Creating autocommands
1970-01-02 00:48:15.778048: AutoUpdate called [/home/ginko/Documents/projects/rl_giulia/agent.py]
1970-01-02 00:48:15.778667: Vim filetype: 'python', sanitized filetype: 'python'
1970-01-02 00:48:15.779011: Checking if file is valid [/home/ginko/Documents/projects/rl_giulia/agent.py]
1970-01-02 00:48:15.779942: File data seems up to date [/home/ginko/Documents/projects/rl_giulia/agent.py]
1970-01-02 00:48:15.780746: Setting current file [/home/ginko/Documents/projects/rl_giulia/agent.py]
1970-01-02 00:48:15.783594: AutoUpdate finished successfully
1970-01-02 00:48:15.794261: AutoUpdate called [/home/ginko/Documents/projects/rl_giulia/__Tagbar__.1]
1970-01-02 00:48:15.794703: Still opening window, stopping processing
1970-01-02 00:48:15.803204: InitWindow called with autoclose: 0
1970-01-02 00:48:15.823528: AutoUpdate called [/home/ginko/Documents/projects/rl_giulia/__Tagbar__.1]
1970-01-02 00:48:15.824346: In Tagbar window, stopping processing
1970-01-02 00:48:15.826427: InitWindow finished
1970-01-02 00:48:15.826865: AutoUpdate called [/home/ginko/Documents/projects/rl_giulia/agent.py]
1970-01-02 00:48:15.827454: Vim filetype: 'python', sanitized filetype: 'python'
1970-01-02 00:48:15.827798: Checking if file is valid [/home/ginko/Documents/projects/rl_giulia/agent.py]
1970-01-02 00:48:15.828734: File data seems up to date [/home/ginko/Documents/projects/rl_giulia/agent.py]
1970-01-02 00:48:15.829416: RenderContent called
1970-01-02 00:48:15.830333: Redisplaying file [/home/ginko/Documents/projects/rl_giulia/agent.py]
1970-01-02 00:48:15.831461: PrintKinds called
1970-01-02 00:48:15.831976: Printing kind: i, number of (top-level) tags: 0
1970-01-02 00:48:15.832404: Printing kind: c, number of (top-level) tags: 1
1970-01-02 00:48:15.839666: Printing kind: f, number of (top-level) tags: 0
1970-01-02 00:48:15.840142: Printing kind: m, number of (top-level) tags: 0
1970-01-02 00:48:15.840699: Printing kind: v, number of (top-level) tags: 0
1970-01-02 00:48:15.841149: Printing kind: ?, number of (top-level) tags: 0
1970-01-02 00:48:15.842998: Setting current file [/home/ginko/Documents/projects/rl_giulia/agent.py]
1970-01-02 00:48:15.869033: AutoUpdate finished successfully
1970-01-02 00:48:15.872296: RenderContent called
1970-01-02 00:48:15.873323: Redisplaying file [/home/ginko/Documents/projects/rl_giulia/agent.py]
1970-01-02 00:48:15.874296: PrintKinds called
1970-01-02 00:48:15.874781: Printing kind: i, number of (top-level) tags: 0
1970-01-02 00:48:15.875194: Printing kind: c, number of (top-level) tags: 1
1970-01-02 00:48:15.882310: Printing kind: f, number of (top-level) tags: 0
1970-01-02 00:48:15.882740: Printing kind: m, number of (top-level) tags: 0
1970-01-02 00:48:15.883160: Printing kind: v, number of (top-level) tags: 0
1970-01-02 00:48:15.883562: Printing kind: ?, number of (top-level) tags: 0
1970-01-02 00:48:15.908517: Highlight pattern: '/^\%6l\s*[▼▶ ][-+# ]\?\zs[^( ]\+\ze/'
1970-01-02 00:48:15.936507: AutoUpdate called [/home/ginko/Documents/projects/rl_giulia/agent.py]
1970-01-02 00:48:15.937188: Vim filetype: 'python', sanitized filetype: 'python'
1970-01-02 00:48:15.937555: Checking if file is valid [/home/ginko/Documents/projects/rl_giulia/agent.py]
1970-01-02 00:48:15.938505: File data seems up to date [/home/ginko/Documents/projects/rl_giulia/agent.py]
1970-01-02 00:48:15.939464: Setting current file [/home/ginko/Documents/projects/rl_giulia/agent.py]
1970-01-02 00:48:15.942509: goto_win(): wincmd p, 1
1970-01-02 00:48:15.943127: goto_win(): 2wincmd w, 1
1970-01-02 00:48:15.944265: goto_win(): 2wincmd w, 1
1970-01-02 00:48:15.944775: goto_win(): 1wincmd w, 1
1970-01-02 00:48:15.945261: AutoUpdate finished successfully
1970-01-02 00:48:15.945720: OpenWindow finished
1970-01-02 00:48:15.946049: ToggleWindow finished
1970-01-02 00:49:19.529941: AutoUpdate called [/home/ginko/Documents/projects/rl_giulia/agent.py]
1970-01-02 00:49:19.530803: Vim filetype: 'python', sanitized filetype: 'python'
1970-01-02 00:49:19.671292: Checking if file is valid [/home/ginko/Documents/projects/rl_giulia/agent.py]
1970-01-02 00:49:19.672312: File data seems up to date [/home/ginko/Documents/projects/rl_giulia/agent.py]
1970-01-02 00:49:19.673233: Setting current file [/home/ginko/Documents/projects/rl_giulia/agent.py]
1970-01-02 00:49:19.676249: goto_win(): wincmd p, 1
1970-01-02 00:49:19.676823: goto_win(): 2wincmd w, 1
1970-01-02 00:49:19.677975: goto_win(): 2wincmd w, 1
1970-01-02 00:49:19.678442: goto_win(): 1wincmd w, 1
1970-01-02 00:49:19.678888: AutoUpdate finished successfully
1970-01-02 00:51:03.191270: AutoUpdate called [/home/ginko/Documents/projects/rl_giulia/agent.py]
1970-01-02 00:51:03.191920: Vim filetype: 'python', sanitized filetype: 'python'
1970-01-02 00:51:03.192275: Checking if file is valid [/home/ginko/Documents/projects/rl_giulia/agent.py]
1970-01-02 00:51:03.193232: File data seems up to date [/home/ginko/Documents/projects/rl_giulia/agent.py]
1970-01-02 00:51:03.194289: Setting current file [/home/ginko/Documents/projects/rl_giulia/agent.py]
1970-01-02 00:51:03.197162: goto_win(): wincmd p, 1
1970-01-02 00:51:03.197711: goto_win(): 2wincmd w, 1
1970-01-02 00:51:03.198752: goto_win(): 2wincmd w, 1
1970-01-02 00:51:03.199205: goto_win(): 1wincmd w, 1
1970-01-02 00:51:03.199638: AutoUpdate finished successfully
1970-01-02 00:51:45.657303: AutoUpdate called [/home/ginko/Documents/projects/rl_giulia/agent.py]
1970-01-02 00:51:45.657956: Vim filetype: 'python', sanitized filetype: 'python'
1970-01-02 00:51:45.658301: Checking if file is valid [/home/ginko/Documents/projects/rl_giulia/agent.py]
1970-01-02 00:51:45.659230: File data seems up to date [/home/ginko/Documents/projects/rl_giulia/agent.py]
1970-01-02 00:51:45.660179: Setting current file [/home/ginko/Documents/projects/rl_giulia/agent.py]
1970-01-02 00:51:45.663147: goto_win(): wincmd p, 1
1970-01-02 00:51:45.663712: goto_win(): 2wincmd w, 1
1970-01-02 00:51:45.664836: goto_win(): 2wincmd w, 1
1970-01-02 00:51:45.665299: goto_win(): 1wincmd w, 1
1970-01-02 00:51:45.665740: AutoUpdate finished successfully
1970-01-02 00:52:19.455096: AutoUpdate called [/home/ginko/Documents/projects/rl_giulia/agent.py]
1970-01-02 00:52:19.455741: Vim filetype: 'python', sanitized filetype: 'python'
1970-01-02 00:52:19.456098: Checking if file is valid [/home/ginko/Documents/projects/rl_giulia/agent.py]
1970-01-02 00:52:19.457012: File data seems up to date [/home/ginko/Documents/projects/rl_giulia/agent.py]
1970-01-02 00:52:19.458036: Setting current file [/home/ginko/Documents/projects/rl_giulia/agent.py]
1970-01-02 00:52:19.460884: goto_win(): wincmd p, 1
1970-01-02 00:52:19.461439: goto_win(): 2wincmd w, 1
1970-01-02 00:52:19.462491: goto_win(): 2wincmd w, 1
1970-01-02 00:52:19.462945: goto_win(): 1wincmd w, 1
1970-01-02 00:52:19.463392: AutoUpdate finished successfully
1970-01-02 00:53:11.729652: AutoUpdate called [/home/ginko/Documents/projects/rl_giulia/agent.py]
1970-01-02 00:53:11.730312: Vim filetype: 'python', sanitized filetype: 'python'
1970-01-02 00:53:11.730879: Checking if file is valid [/home/ginko/Documents/projects/rl_giulia/agent.py]
1970-01-02 00:53:11.731792: File data seems up to date [/home/ginko/Documents/projects/rl_giulia/agent.py]
1970-01-02 00:53:11.732693: Setting current file [/home/ginko/Documents/projects/rl_giulia/agent.py]
1970-01-02 00:53:11.735505: goto_win(): wincmd p, 1
1970-01-02 00:53:11.736067: goto_win(): 2wincmd w, 1
1970-01-02 00:53:11.737157: goto_win(): 2wincmd w, 1
1970-01-02 00:53:11.737620: goto_win(): 1wincmd w, 1
1970-01-02 00:53:11.738074: AutoUpdate finished successfully
1970-01-02 00:54:15.224805: AutoUpdate called [/home/ginko/Documents/projects/rl_giulia/agent.py]
1970-01-02 00:54:15.225455: Vim filetype: 'python', sanitized filetype: 'python'
1970-01-02 00:54:15.225811: Checking if file is valid [/home/ginko/Documents/projects/rl_giulia/agent.py]
1970-01-02 00:54:15.226776: File data seems up to date [/home/ginko/Documents/projects/rl_giulia/agent.py]
1970-01-02 00:54:15.227844: Setting current file [/home/ginko/Documents/projects/rl_giulia/agent.py]
1970-01-02 00:54:15.230771: goto_win(): wincmd p, 1
1970-01-02 00:54:15.231337: goto_win(): 2wincmd w, 1
1970-01-02 00:54:15.232391: goto_win(): 2wincmd w, 1
1970-01-02 00:54:15.232859: goto_win(): 1wincmd w, 1
1970-01-02 00:54:15.233314: AutoUpdate finished successfully
1970-01-02 00:55:31.927152: ToggleWindow called
1970-01-02 00:55:31.927774: CloseWindow called
1970-01-02 00:55:31.928493: goto_win(): 2wincmd w, 0
1970-01-02 00:55:31.939405: AutoUpdate called [/home/ginko/Documents/projects/rl_giulia/__Tagbar__.1]
1970-01-02 00:55:31.940067: In Tagbar window, stopping processing
1970-01-02 00:55:31.949979: AutoUpdate called [/home/ginko/Documents/projects/rl_giulia/agent.py]
1970-01-02 00:55:31.950629: Vim filetype: 'python', sanitized filetype: 'python'
1970-01-02 00:55:31.951005: Checking if file is valid [/home/ginko/Documents/projects/rl_giulia/agent.py]
1970-01-02 00:55:31.951979: File data seems up to date [/home/ginko/Documents/projects/rl_giulia/agent.py]
1970-01-02 00:55:31.952717: Setting current file [/home/ginko/Documents/projects/rl_giulia/agent.py]
1970-01-02 00:55:31.955510: AutoUpdate finished successfully
1970-01-02 00:55:31.955979: goto_win(): 1wincmd w, 0
1970-01-02 00:55:31.958590: CloseWindow finished
1970-01-02 00:55:32.104911: ToggleWindow called
1970-01-02 00:55:32.105619: OpenWindow called with flags: ''
1970-01-02 00:55:32.106597: Creating autocommands
1970-01-02 00:55:32.108082: AutoUpdate called [/home/ginko/Documents/projects/rl_giulia/agent.py]
1970-01-02 00:55:32.108690: Vim filetype: 'python', sanitized filetype: 'python'
1970-01-02 00:55:32.109033: Checking if file is valid [/home/ginko/Documents/projects/rl_giulia/agent.py]
1970-01-02 00:55:32.109962: File data seems up to date [/home/ginko/Documents/projects/rl_giulia/agent.py]
1970-01-02 00:55:32.110797: Setting current file [/home/ginko/Documents/projects/rl_giulia/agent.py]
1970-01-02 00:55:32.113643: AutoUpdate finished successfully
1970-01-02 00:55:32.124339: AutoUpdate called [/home/ginko/Documents/projects/rl_giulia/__Tagbar__.1]
1970-01-02 00:55:32.124776: Still opening window, stopping processing
1970-01-02 00:55:32.133235: InitWindow called with autoclose: 0
1970-01-02 00:55:32.153383: AutoUpdate called [/home/ginko/Documents/projects/rl_giulia/__Tagbar__.1]
1970-01-02 00:55:32.153987: In Tagbar window, stopping processing
1970-01-02 00:55:32.155955: InitWindow finished
1970-01-02 00:55:32.156375: AutoUpdate called [/home/ginko/Documents/projects/rl_giulia/agent.py]
1970-01-02 00:55:32.156899: Vim filetype: 'python', sanitized filetype: 'python'
1970-01-02 00:55:32.157331: Checking if file is valid [/home/ginko/Documents/projects/rl_giulia/agent.py]
1970-01-02 00:55:32.158246: File data seems up to date [/home/ginko/Documents/projects/rl_giulia/agent.py]
1970-01-02 00:55:32.158901: RenderContent called
1970-01-02 00:55:32.159780: Redisplaying file [/home/ginko/Documents/projects/rl_giulia/agent.py]
1970-01-02 00:55:32.160898: PrintKinds called
1970-01-02 00:55:32.161400: Printing kind: i, number of (top-level) tags: 0
1970-01-02 00:55:32.161820: Printing kind: c, number of (top-level) tags: 1
1970-01-02 00:55:32.168719: Printing kind: f, number of (top-level) tags: 0
1970-01-02 00:55:32.169154: Printing kind: m, number of (top-level) tags: 0
1970-01-02 00:55:32.169569: Printing kind: v, number of (top-level) tags: 0
1970-01-02 00:55:32.169973: Printing kind: ?, number of (top-level) tags: 0
1970-01-02 00:55:32.171811: Setting current file [/home/ginko/Documents/projects/rl_giulia/agent.py]
1970-01-02 00:55:32.196841: AutoUpdate finished successfully
1970-01-02 00:55:32.200041: RenderContent called
1970-01-02 00:55:32.201123: Redisplaying file [/home/ginko/Documents/projects/rl_giulia/agent.py]
1970-01-02 00:55:32.202084: PrintKinds called
1970-01-02 00:55:32.202530: Printing kind: i, number of (top-level) tags: 0
1970-01-02 00:55:32.202946: Printing kind: c, number of (top-level) tags: 1
1970-01-02 00:55:32.209851: Printing kind: f, number of (top-level) tags: 0
1970-01-02 00:55:32.210297: Printing kind: m, number of (top-level) tags: 0
1970-01-02 00:55:32.210739: Printing kind: v, number of (top-level) tags: 0
1970-01-02 00:55:32.211141: Printing kind: ?, number of (top-level) tags: 0
1970-01-02 00:55:32.234962: Highlight pattern: '/^\%6l\s*[▼▶ ][-+# ]\?\zs[^( ]\+\ze/'
1970-01-02 00:55:32.262487: AutoUpdate called [/home/ginko/Documents/projects/rl_giulia/agent.py]
1970-01-02 00:55:32.263087: Vim filetype: 'python', sanitized filetype: 'python'
1970-01-02 00:55:32.263432: Checking if file is valid [/home/ginko/Documents/projects/rl_giulia/agent.py]
1970-01-02 00:55:32.264433: File data seems up to date [/home/ginko/Documents/projects/rl_giulia/agent.py]
1970-01-02 00:55:32.265369: Setting current file [/home/ginko/Documents/projects/rl_giulia/agent.py]
1970-01-02 00:55:32.268226: goto_win(): wincmd p, 1
1970-01-02 00:55:32.268798: goto_win(): 2wincmd w, 1
1970-01-02 00:55:32.269893: goto_win(): 2wincmd w, 1
1970-01-02 00:55:32.270354: goto_win(): 1wincmd w, 1
1970-01-02 00:55:32.270841: AutoUpdate finished successfully
1970-01-02 00:55:32.271264: OpenWindow finished
1970-01-02 00:55:32.271571: ToggleWindow finished
1970-01-02 00:55:37.931182: AutoUpdate called [/home/ginko/Documents/projects/rl_giulia/agent.py]
1970-01-02 00:55:37.931833: Vim filetype: 'python', sanitized filetype: 'python'
1970-01-02 00:55:37.932182: Checking if file is valid [/home/ginko/Documents/projects/rl_giulia/agent.py]
1970-01-02 00:55:37.933109: File data seems up to date [/home/ginko/Documents/projects/rl_giulia/agent.py]
1970-01-02 00:55:37.934086: Setting current file [/home/ginko/Documents/projects/rl_giulia/agent.py]
1970-01-02 00:55:37.936866: goto_win(): wincmd p, 1
1970-01-02 00:55:37.937456: goto_win(): 2wincmd w, 1
1970-01-02 00:55:37.938526: goto_win(): 2wincmd w, 1
1970-01-02 00:55:37.938982: goto_win(): 1wincmd w, 1
1970-01-02 00:55:37.939416: AutoUpdate finished successfully
1970-01-02 00:57:30.297140: AutoUpdate called [/home/ginko/Documents/projects/rl_giulia/agent.py]
1970-01-02 00:57:30.297804: Vim filetype: 'python', sanitized filetype: 'python'
1970-01-02 00:57:30.298152: Checking if file is valid [/home/ginko/Documents/projects/rl_giulia/agent.py]
1970-01-02 00:57:30.299080: File data seems up to date [/home/ginko/Documents/projects/rl_giulia/agent.py]
1970-01-02 00:57:30.300008: Setting current file [/home/ginko/Documents/projects/rl_giulia/agent.py]
1970-01-02 00:57:30.301566: goto_win(): wincmd p, 1
1970-01-02 00:57:30.302127: goto_win(): 2wincmd w, 1
1970-01-02 00:57:30.302946: Highlight pattern: '/^\%2l\s*[▼▶ ][-+# ]\?\zs[^( ]\+\ze/'
1970-01-02 00:57:30.303511: goto_win(): 2wincmd w, 1
1970-01-02 00:57:30.304022: goto_win(): 1wincmd w, 1
1970-01-02 00:57:30.328309: goto_win(): wincmd p, 1
1970-01-02 00:57:30.328965: goto_win(): 2wincmd w, 1
1970-01-02 00:57:30.330056: goto_win(): 2wincmd w, 1
1970-01-02 00:57:30.330580: goto_win(): 1wincmd w, 1
1970-01-02 00:57:30.331027: AutoUpdate finished successfully
1970-01-02 00:59:05.326181: ToggleWindow called
1970-01-02 00:59:05.326785: CloseWindow called
1970-01-02 00:59:05.327621: goto_win(): 2wincmd w, 0
1970-01-02 00:59:05.338667: AutoUpdate called [/home/ginko/Documents/projects/rl_giulia/__Tagbar__.1]
1970-01-02 00:59:05.339353: In Tagbar window, stopping processing
1970-01-02 00:59:05.349305: AutoUpdate called [/home/ginko/Documents/projects/rl_giulia/agent.py]
1970-01-02 00:59:05.349912: Vim filetype: 'python', sanitized filetype: 'python'
1970-01-02 00:59:05.350261: Checking if file is valid [/home/ginko/Documents/projects/rl_giulia/agent.py]
1970-01-02 00:59:05.351263: File data seems up to date [/home/ginko/Documents/projects/rl_giulia/agent.py]
1970-01-02 00:59:05.352019: Setting current file [/home/ginko/Documents/projects/rl_giulia/agent.py]
1970-01-02 00:59:05.353525: AutoUpdate finished successfully
1970-01-02 00:59:05.354075: goto_win(): 1wincmd w, 0
1970-01-02 00:59:05.356648: CloseWindow finished
1970-01-02 00:59:38.337392: ToggleWindow called
1970-01-02 00:59:38.338222: OpenWindow called with flags: ''
1970-01-02 00:59:38.339318: Creating autocommands
1970-01-02 00:59:38.340959: AutoUpdate called [/home/ginko/Documents/projects/rl_giulia/agent.py]
1970-01-02 00:59:38.341597: Vim filetype: 'python', sanitized filetype: 'python'
1970-01-02 00:59:38.341958: Checking if file is valid [/home/ginko/Documents/projects/rl_giulia/agent.py]
1970-01-02 00:59:38.342908: File data seems up to date [/home/ginko/Documents/projects/rl_giulia/agent.py]
1970-01-02 00:59:38.343678: Setting current file [/home/ginko/Documents/projects/rl_giulia/agent.py]
1970-01-02 00:59:38.345936: AutoUpdate finished successfully
1970-01-02 00:59:38.356735: AutoUpdate called [/home/ginko/Documents/projects/rl_giulia/__Tagbar__.1]
1970-01-02 00:59:38.357218: Still opening window, stopping processing
1970-01-02 00:59:38.365750: InitWindow called with autoclose: 0
1970-01-02 00:59:38.386463: AutoUpdate called [/home/ginko/Documents/projects/rl_giulia/__Tagbar__.1]
1970-01-02 00:59:38.387201: In Tagbar window, stopping processing
1970-01-02 00:59:38.389371: InitWindow finished
1970-01-02 00:59:38.389817: AutoUpdate called [/home/ginko/Documents/projects/rl_giulia/agent.py]
1970-01-02 00:59:38.390460: Vim filetype: 'python', sanitized filetype: 'python'
1970-01-02 00:59:38.390826: Checking if file is valid [/home/ginko/Documents/projects/rl_giulia/agent.py]
1970-01-02 00:59:38.391797: File data seems up to date [/home/ginko/Documents/projects/rl_giulia/agent.py]
1970-01-02 00:59:38.392532: RenderContent called
1970-01-02 00:59:38.393465: Redisplaying file [/home/ginko/Documents/projects/rl_giulia/agent.py]
1970-01-02 00:59:38.394638: PrintKinds called
1970-01-02 00:59:38.395165: Printing kind: i, number of (top-level) tags: 0
1970-01-02 00:59:38.395598: Printing kind: c, number of (top-level) tags: 1
1970-01-02 00:59:38.402851: Printing kind: f, number of (top-level) tags: 0
1970-01-02 00:59:38.403330: Printing kind: m, number of (top-level) tags: 0
1970-01-02 00:59:38.403840: Printing kind: v, number of (top-level) tags: 0
1970-01-02 00:59:38.404283: Printing kind: ?, number of (top-level) tags: 0
1970-01-02 00:59:38.406029: Setting current file [/home/ginko/Documents/projects/rl_giulia/agent.py]
1970-01-02 00:59:38.431356: AutoUpdate finished successfully
1970-01-02 00:59:38.433512: RenderContent called
1970-01-02 00:59:38.434578: Redisplaying file [/home/ginko/Documents/projects/rl_giulia/agent.py]
1970-01-02 00:59:38.435481: PrintKinds called
1970-01-02 00:59:38.435926: Printing kind: i, number of (top-level) tags: 0
1970-01-02 00:59:38.436337: Printing kind: c, number of (top-level) tags: 1
1970-01-02 00:59:38.443351: Printing kind: f, number of (top-level) tags: 0
1970-01-02 00:59:38.443831: Printing kind: m, number of (top-level) tags: 0
1970-01-02 00:59:38.444241: Printing kind: v, number of (top-level) tags: 0
1970-01-02 00:59:38.444642: Printing kind: ?, number of (top-level) tags: 0
1970-01-02 00:59:38.468802: Highlight pattern: '/^\%7l\s*[▼▶ ][-+# ]\?\zs[^( ]\+\ze/'
1970-01-02 00:59:38.496061: AutoUpdate called [/home/ginko/Documents/projects/rl_giulia/agent.py]
1970-01-02 00:59:38.496662: Vim filetype: 'python', sanitized filetype: 'python'
1970-01-02 00:59:38.497004: Checking if file is valid [/home/ginko/Documents/projects/rl_giulia/agent.py]
1970-01-02 00:59:38.498007: File data seems up to date [/home/ginko/Documents/projects/rl_giulia/agent.py]
1970-01-02 00:59:38.498941: Setting current file [/home/ginko/Documents/projects/rl_giulia/agent.py]
1970-01-02 00:59:38.500822: goto_win(): wincmd p, 1
1970-01-02 00:59:38.501427: goto_win(): 2wincmd w, 1
1970-01-02 00:59:38.502492: goto_win(): 2wincmd w, 1
1970-01-02 00:59:38.502956: goto_win(): 1wincmd w, 1
1970-01-02 00:59:38.503389: AutoUpdate finished successfully
1970-01-02 00:59:38.503848: OpenWindow finished
1970-01-02 00:59:38.504161: ToggleWindow finished
1970-01-02 00:59:45.043783: AutoUpdate called [/home/ginko/Documents/projects/rl_giulia/agent.py]
1970-01-02 00:59:45.044446: Vim filetype: 'python', sanitized filetype: 'python'
1970-01-02 00:59:45.188824: Checking if file is valid [/home/ginko/Documents/projects/rl_giulia/agent.py]
1970-01-02 00:59:45.189861: File data seems up to date [/home/ginko/Documents/projects/rl_giulia/agent.py]
1970-01-02 00:59:45.190911: Setting current file [/home/ginko/Documents/projects/rl_giulia/agent.py]
1970-01-02 00:59:45.192774: goto_win(): wincmd p, 1
1970-01-02 00:59:45.193334: goto_win(): 2wincmd w, 1
1970-01-02 00:59:45.194460: goto_win(): 2wincmd w, 1
1970-01-02 00:59:45.194932: goto_win(): 1wincmd w, 1
1970-01-02 00:59:45.195374: AutoUpdate finished successfully
1970-01-02 01:00:10.063831: AutoUpdate called [/home/ginko/Documents/projects/rl_giulia/agent.py]
1970-01-02 01:00:10.064518: Vim filetype: 'python', sanitized filetype: 'python'
1970-01-02 01:00:10.064865: Checking if file is valid [/home/ginko/Documents/projects/rl_giulia/agent.py]
1970-01-02 01:00:10.065813: File data seems up to date [/home/ginko/Documents/projects/rl_giulia/agent.py]
1970-01-02 01:00:10.066790: Setting current file [/home/ginko/Documents/projects/rl_giulia/agent.py]
1970-01-02 01:00:10.068696: goto_win(): wincmd p, 1
1970-01-02 01:00:10.069260: goto_win(): 2wincmd w, 1
1970-01-02 01:00:10.070319: goto_win(): 2wincmd w, 1
1970-01-02 01:00:10.070819: goto_win(): 1wincmd w, 1
1970-01-02 01:00:10.071252: AutoUpdate finished successfully
1970-01-02 01:00:43.069332: AutoUpdate called [/home/ginko/Documents/projects/rl_giulia/agent.py]
1970-01-02 01:00:43.069985: Vim filetype: 'python', sanitized filetype: 'python'
1970-01-02 01:00:43.070344: Checking if file is valid [/home/ginko/Documents/projects/rl_giulia/agent.py]
1970-01-02 01:00:43.071412: File data seems up to date [/home/ginko/Documents/projects/rl_giulia/agent.py]
1970-01-02 01:00:43.072340: Setting current file [/home/ginko/Documents/projects/rl_giulia/agent.py]
1970-01-02 01:00:43.074236: goto_win(): wincmd p, 1
1970-01-02 01:00:43.074804: goto_win(): 2wincmd w, 1
1970-01-02 01:00:43.075883: goto_win(): 2wincmd w, 1
1970-01-02 01:00:43.076336: goto_win(): 1wincmd w, 1
1970-01-02 01:00:43.076777: AutoUpdate finished successfully
1970-01-02 01:01:09.222244: AutoUpdate called [/home/ginko/Documents/projects/rl_giulia/agent.py]
1970-01-02 01:01:09.222918: Vim filetype: 'python', sanitized filetype: 'python'
1970-01-02 01:01:09.223266: Checking if file is valid [/home/ginko/Documents/projects/rl_giulia/agent.py]
1970-01-02 01:01:09.224366: File data seems up to date [/home/ginko/Documents/projects/rl_giulia/agent.py]
1970-01-02 01:01:09.225303: Setting current file [/home/ginko/Documents/projects/rl_giulia/agent.py]
1970-01-02 01:01:09.227197: goto_win(): wincmd p, 1
1970-01-02 01:01:09.227748: goto_win(): 2wincmd w, 1
1970-01-02 01:01:09.228806: goto_win(): 2wincmd w, 1
1970-01-02 01:01:09.229258: goto_win(): 1wincmd w, 1
1970-01-02 01:01:09.229687: AutoUpdate finished successfully
1970-01-02 01:03:04.163138: AutoUpdate called [/home/ginko/Documents/projects/rl_giulia/__Tagbar__.1]
1970-01-02 01:03:04.163959: In Tagbar window, stopping processing
                                                 1970-01-02 01:03:23.510711: AutoUpdate called [/home/ginko/Documents/projects/rl_giulia/__Tagbar__.1]
1970-01-02 01:03:23.511491: In Tagbar window, stopping processing
1970-01-02 01:03:41.458893: goto_win(): 1wincmd w, 1
1970-01-02 01:03:41.459714: goto_win(): 2wincmd w, 0
1970-01-02 01:03:41.470980: AutoUpdate called [/home/ginko/Documents/projects/rl_giulia/__Tagbar__.1]
1970-01-02 01:03:41.471707: In Tagbar window, stopping processing
1970-01-02 01:03:41.472180: goto_win(): wincmd p, 0
1970-01-02 01:03:41.485215: AutoUpdate called [/home/ginko/Documents/projects/rl_giulia/agent.py]
1970-01-02 01:03:41.485810: Vim filetype: 'python', sanitized filetype: 'python'
1970-01-02 01:03:41.486153: Checking if file is valid [/home/ginko/Documents/projects/rl_giulia/agent.py]
1970-01-02 01:03:41.487174: File data seems up to date [/home/ginko/Documents/projects/rl_giulia/agent.py]
1970-01-02 01:03:41.488115: Setting current file [/home/ginko/Documents/projects/rl_giulia/agent.py]
1970-01-02 01:03:41.489947: goto_win(): wincmd p, 1
1970-01-02 01:03:41.490591: goto_win(): 2wincmd w, 1
1970-01-02 01:03:41.491668: goto_win(): 2wincmd w, 1
1970-01-02 01:03:41.492136: goto_win(): 1wincmd w, 1
1970-01-02 01:03:41.492587: AutoUpdate finished successfully
1970-01-02 01:03:41.492979: Jumping to line 23
1970-01-02 01:03:41.493327: Searching for pattern "\V\^\C    def __init__(self, grid_shape, target, discount):\$"
1970-01-02 01:03:41.495458: goto_win(): wincmd p, 1
1970-01-02 01:03:41.496026: goto_win(): 2wincmd w, 1
1970-01-02 01:03:41.496847: Highlight pattern: '/^\%2l\s*[▼▶ ][-+# ]\?\zs[^( ]\+\ze/'
1970-01-02 01:03:41.497512: goto_win(): 2wincmd w, 1
1970-01-02 01:03:41.497991: goto_win(): 1wincmd w, 1
1970-01-02 01:03:41.523257: goto_win(): 2wincmd w, 0
1970-01-02 01:03:41.534430: AutoUpdate called [/home/ginko/Documents/projects/rl_giulia/__Tagbar__.1]
1970-01-02 01:03:41.535162: In Tagbar window, stopping processing
1970-01-02 01:03:42.772168: goto_win(): 1wincmd w, 1
1970-01-02 01:03:42.772963: goto_win(): 2wincmd w, 0
1970-01-02 01:03:42.784053: AutoUpdate called [/home/ginko/Documents/projects/rl_giulia/__Tagbar__.1]
1970-01-02 01:03:42.784769: In Tagbar window, stopping processing
1970-01-02 01:03:42.785242: goto_win(): wincmd p, 0
1970-01-02 01:03:42.798224: AutoUpdate called [/home/ginko/Documents/projects/rl_giulia/agent.py]
1970-01-02 01:03:42.798816: Vim filetype: 'python', sanitized filetype: 'python'
1970-01-02 01:03:42.799155: Checking if file is valid [/home/ginko/Documents/projects/rl_giulia/agent.py]
1970-01-02 01:03:42.800072: File data seems up to date [/home/ginko/Documents/projects/rl_giulia/agent.py]
1970-01-02 01:03:42.801040: Setting current file [/home/ginko/Documents/projects/rl_giulia/agent.py]
1970-01-02 01:03:42.802315: goto_win(): wincmd p, 1
1970-01-02 01:03:42.802868: goto_win(): 2wincmd w, 1
1970-01-02 01:03:42.804005: goto_win(): 2wincmd w, 1
1970-01-02 01:03:42.804473: goto_win(): 1wincmd w, 1
1970-01-02 01:03:42.804911: AutoUpdate finished successfully
1970-01-02 01:03:42.805313: Jumping to line 76
1970-01-02 01:03:42.805648: Searching for pattern "\V\^\C    def choose_move(self):\$"
1970-01-02 01:03:42.807747: goto_win(): wincmd p, 1
1970-01-02 01:03:42.808308: goto_win(): 2wincmd w, 1
1970-01-02 01:03:42.809117: Highlight pattern: '/^\%3l\s*[▼▶ ][-+# ]\?\zs[^( ]\+\ze/'
1970-01-02 01:03:42.809689: goto_win(): 2wincmd w, 1
1970-01-02 01:03:42.810144: goto_win(): 1wincmd w, 1
1970-01-02 01:03:42.834510: goto_win(): 2wincmd w, 0
1970-01-02 01:03:42.845625: AutoUpdate called [/home/ginko/Documents/projects/rl_giulia/__Tagbar__.1]
1970-01-02 01:03:42.846341: In Tagbar window, stopping processing
1970-01-02 01:03:43.860900: goto_win(): 1wincmd w, 1
1970-01-02 01:03:43.861705: goto_win(): 2wincmd w, 0
1970-01-02 01:03:43.872622: AutoUpdate called [/home/ginko/Documents/projects/rl_giulia/__Tagbar__.1]
1970-01-02 01:03:43.873340: In Tagbar window, stopping processing
1970-01-02 01:03:43.873897: goto_win(): wincmd p, 0
1970-01-02 01:03:43.886816: AutoUpdate called [/home/ginko/Documents/projects/rl_giulia/agent.py]
1970-01-02 01:03:43.887485: Vim filetype: 'python', sanitized filetype: 'python'
1970-01-02 01:03:43.887838: Checking if file is valid [/home/ginko/Documents/projects/rl_giulia/agent.py]
1970-01-02 01:03:43.888755: File data seems up to date [/home/ginko/Documents/projects/rl_giulia/agent.py]
1970-01-02 01:03:43.889686: Setting current file [/home/ginko/Documents/projects/rl_giulia/agent.py]
1970-01-02 01:03:43.891006: goto_win(): wincmd p, 1
1970-01-02 01:03:43.891586: goto_win(): 2wincmd w, 1
1970-01-02 01:03:43.892654: goto_win(): 2wincmd w, 1
1970-01-02 01:03:43.893110: goto_win(): 1wincmd w, 1
1970-01-02 01:03:43.893548: AutoUpdate finished successfully
1970-01-02 01:03:43.894030: Jumping to line 105
1970-01-02 01:03:43.894379: Searching for pattern "\V\^\C    def evaluate_q_value(self):\$"
1970-01-02 01:03:43.896290: goto_win(): wincmd p, 1
1970-01-02 01:03:43.896834: goto_win(): 2wincmd w, 1
1970-01-02 01:03:43.897727: Highlight pattern: '/^\%4l\s*[▼▶ ][-+# ]\?\zs[^( ]\+\ze/'
1970-01-02 01:03:43.898309: goto_win(): 2wincmd w, 1
1970-01-02 01:03:43.898764: goto_win(): 1wincmd w, 1
1970-01-02 01:03:43.923138: goto_win(): 2wincmd w, 0
1970-01-02 01:03:43.934410: AutoUpdate called [/home/ginko/Documents/projects/rl_giulia/__Tagbar__.1]
1970-01-02 01:03:43.935143: In Tagbar window, stopping processing
1970-01-02 01:03:44.960284: goto_win(): 1wincmd w, 1
1970-01-02 01:03:44.961197: goto_win(): 2wincmd w, 0
1970-01-02 01:03:45.119583: AutoUpdate called [/home/ginko/Documents/projects/rl_giulia/__Tagbar__.1]
1970-01-02 01:03:45.120321: In Tagbar window, stopping processing
1970-01-02 01:03:45.120902: goto_win(): wincmd p, 0
1970-01-02 01:03:45.133957: AutoUpdate called [/home/ginko/Documents/projects/rl_giulia/agent.py]
1970-01-02 01:03:45.134556: Vim filetype: 'python', sanitized filetype: 'python'
1970-01-02 01:03:45.134898: Checking if file is valid [/home/ginko/Documents/projects/rl_giulia/agent.py]
1970-01-02 01:03:45.135893: File data seems up to date [/home/ginko/Documents/projects/rl_giulia/agent.py]
1970-01-02 01:03:45.136807: Setting current file [/home/ginko/Documents/projects/rl_giulia/agent.py]
1970-01-02 01:03:45.138147: goto_win(): wincmd p, 1
1970-01-02 01:03:45.138769: goto_win(): 2wincmd w, 1
1970-01-02 01:03:45.139838: goto_win(): 2wincmd w, 1
1970-01-02 01:03:45.140305: goto_win(): 1wincmd w, 1
1970-01-02 01:03:45.140863: AutoUpdate finished successfully
1970-01-02 01:03:45.141257: Jumping to line 38
1970-01-02 01:03:45.141597: Searching for pattern "\V\^\C    def get_real_pos(self, position):\$"
1970-01-02 01:03:45.143651: goto_win(): wincmd p, 1
1970-01-02 01:03:45.144304: goto_win(): 2wincmd w, 1
1970-01-02 01:03:45.145131: Highlight pattern: '/^\%5l\s*[▼▶ ][-+# ]\?\zs[^( ]\+\ze/'
1970-01-02 01:03:45.145705: goto_win(): 2wincmd w, 1
1970-01-02 01:03:45.146160: goto_win(): 1wincmd w, 1
1970-01-02 01:03:45.171028: goto_win(): 2wincmd w, 0
1970-01-02 01:03:45.182257: AutoUpdate called [/home/ginko/Documents/projects/rl_giulia/__Tagbar__.1]
1970-01-02 01:03:45.183003: In Tagbar window, stopping processing
1970-01-02 01:03:46.067487: goto_win(): 1wincmd w, 1
1970-01-02 01:03:46.068274: goto_win(): 2wincmd w, 0
1970-01-02 01:03:46.079223: AutoUpdate called [/home/ginko/Documents/projects/rl_giulia/__Tagbar__.1]
1970-01-02 01:03:46.079930: In Tagbar window, stopping processing
1970-01-02 01:03:46.080474: goto_win(): wincmd p, 0
1970-01-02 01:03:46.093404: AutoUpdate called [/home/ginko/Documents/projects/rl_giulia/agent.py]
1970-01-02 01:03:46.094074: Vim filetype: 'python', sanitized filetype: 'python'
1970-01-02 01:03:46.094422: Checking if file is valid [/home/ginko/Documents/projects/rl_giulia/agent.py]
1970-01-02 01:03:46.095338: File data seems up to date [/home/ginko/Documents/projects/rl_giulia/agent.py]
1970-01-02 01:03:46.096267: Setting current file [/home/ginko/Documents/projects/rl_giulia/agent.py]
1970-01-02 01:03:46.097561: goto_win(): wincmd p, 1
1970-01-02 01:03:46.098123: goto_win(): 2wincmd w, 1
1970-01-02 01:03:46.099183: goto_win(): 2wincmd w, 1
1970-01-02 01:03:46.099648: goto_win(): 1wincmd w, 1
1970-01-02 01:03:46.100080: AutoUpdate finished successfully
1970-01-02 01:03:46.100541: Jumping to line 105
1970-01-02 01:03:46.100898: Searching for pattern "\V\^\C    def evaluate_q_value(self):\$"
1970-01-02 01:03:46.102908: goto_win(): wincmd p, 1
1970-01-02 01:03:46.103454: goto_win(): 2wincmd w, 1
1970-01-02 01:03:46.104313: Highlight pattern: '/^\%4l\s*[▼▶ ][-+# ]\?\zs[^( ]\+\ze/'
1970-01-02 01:03:46.104892: goto_win(): 2wincmd w, 1
1970-01-02 01:03:46.105349: goto_win(): 1wincmd w, 1
1970-01-02 01:03:46.129488: goto_win(): 2wincmd w, 0
1970-01-02 01:03:46.140744: AutoUpdate called [/home/ginko/Documents/projects/rl_giulia/__Tagbar__.1]
1970-01-02 01:03:46.141471: In Tagbar window, stopping processing
                           1970-01-02 01:03:50.145832: AutoUpdate called [/home/ginko/Documents/projects/rl_giulia/__Tagbar__.1]
1970-01-02 01:03:50.146595: In Tagbar window, stopping processing
1970-01-02 01:05:06.684742: ToggleWindow called
1970-01-02 01:05:06.685413: CloseWindow called
1970-01-02 01:05:06.695793: AutoUpdate called [/home/ginko/Documents/projects/rl_giulia/agent.py]
1970-01-02 01:05:06.696432: Vim filetype: 'python', sanitized filetype: 'python'
1970-01-02 01:05:06.696788: Checking if file is valid [/home/ginko/Documents/projects/rl_giulia/agent.py]
1970-01-02 01:05:06.697804: File data seems up to date [/home/ginko/Documents/projects/rl_giulia/agent.py]
1970-01-02 01:05:06.698607: Setting current file [/home/ginko/Documents/projects/rl_giulia/agent.py]
1970-01-02 01:05:06.699930: AutoUpdate finished successfully
1970-01-02 01:05:06.700403: goto_win(): wincmd p, 0
1970-01-02 01:05:06.703442: CloseWindow finished
1970-01-02 01:05:06.930210: ToggleWindow called
1970-01-02 01:05:06.931069: OpenWindow called with flags: ''
1970-01-02 01:05:06.932073: Creating autocommands
1970-01-02 01:05:06.933454: AutoUpdate called [/home/ginko/Documents/projects/rl_giulia/agent.py]
1970-01-02 01:05:06.934206: Vim filetype: 'python', sanitized filetype: 'python'
1970-01-02 01:05:06.934558: Checking if file is valid [/home/ginko/Documents/projects/rl_giulia/agent.py]
1970-01-02 01:05:06.935490: File data seems up to date [/home/ginko/Documents/projects/rl_giulia/agent.py]
1970-01-02 01:05:06.936257: Setting current file [/home/ginko/Documents/projects/rl_giulia/agent.py]
1970-01-02 01:05:06.937625: AutoUpdate finished successfully
1970-01-02 01:05:06.948458: AutoUpdate called [/home/ginko/Documents/projects/rl_giulia/__Tagbar__.1]
1970-01-02 01:05:06.948906: Still opening window, stopping processing
1970-01-02 01:05:06.957537: InitWindow called with autoclose: 0
1970-01-02 01:05:06.977920: AutoUpdate called [/home/ginko/Documents/projects/rl_giulia/__Tagbar__.1]
1970-01-02 01:05:06.978528: In Tagbar window, stopping processing
1970-01-02 01:05:06.980701: InitWindow finished
1970-01-02 01:05:06.981162: AutoUpdate called [/home/ginko/Documents/projects/rl_giulia/agent.py]
1970-01-02 01:05:06.981718: Vim filetype: 'python', sanitized filetype: 'python'
1970-01-02 01:05:06.982066: Checking if file is valid [/home/ginko/Documents/projects/rl_giulia/agent.py]
1970-01-02 01:05:06.983024: File data seems up to date [/home/ginko/Documents/projects/rl_giulia/agent.py]
1970-01-02 01:05:06.983765: RenderContent called
1970-01-02 01:05:06.984713: Redisplaying file [/home/ginko/Documents/projects/rl_giulia/agent.py]
1970-01-02 01:05:06.985689: PrintKinds called
1970-01-02 01:05:06.986221: Printing kind: i, number of (top-level) tags: 0
1970-01-02 01:05:06.986675: Printing kind: c, number of (top-level) tags: 1
1970-01-02 01:05:06.993933: Printing kind: f, number of (top-level) tags: 0
1970-01-02 01:05:06.994420: Printing kind: m, number of (top-level) tags: 0
1970-01-02 01:05:06.994863: Printing kind: v, number of (top-level) tags: 0
1970-01-02 01:05:06.995282: Printing kind: ?, number of (top-level) tags: 0
1970-01-02 01:05:06.997094: Setting current file [/home/ginko/Documents/projects/rl_giulia/agent.py]
1970-01-02 01:05:07.035418: AutoUpdate finished successfully
1970-01-02 01:05:07.037228: RenderContent called
1970-01-02 01:05:07.038339: Redisplaying file [/home/ginko/Documents/projects/rl_giulia/agent.py]
1970-01-02 01:05:07.039252: PrintKinds called
1970-01-02 01:05:07.039695: Printing kind: i, number of (top-level) tags: 0
1970-01-02 01:05:07.040109: Printing kind: c, number of (top-level) tags: 1
1970-01-02 01:05:07.047442: Printing kind: f, number of (top-level) tags: 0
1970-01-02 01:05:07.047926: Printing kind: m, number of (top-level) tags: 0
1970-01-02 01:05:07.048351: Printing kind: v, number of (top-level) tags: 0
1970-01-02 01:05:07.048754: Printing kind: ?, number of (top-level) tags: 0
1970-01-02 01:05:07.073255: Highlight pattern: '/^\%4l\s*[▼▶ ][-+# ]\?\zs[^( ]\+\ze/'
1970-01-02 01:05:07.101430: AutoUpdate called [/home/ginko/Documents/projects/rl_giulia/agent.py]
1970-01-02 01:05:07.102031: Vim filetype: 'python', sanitized filetype: 'python'
1970-01-02 01:05:07.102374: Checking if file is valid [/home/ginko/Documents/projects/rl_giulia/agent.py]
1970-01-02 01:05:07.103310: File data seems up to date [/home/ginko/Documents/projects/rl_giulia/agent.py]
1970-01-02 01:05:07.104285: Setting current file [/home/ginko/Documents/projects/rl_giulia/agent.py]
1970-01-02 01:05:07.105605: goto_win(): wincmd p, 1
1970-01-02 01:05:07.106183: goto_win(): 2wincmd w, 1
1970-01-02 01:05:07.107409: goto_win(): 2wincmd w, 1
1970-01-02 01:05:07.107882: goto_win(): 1wincmd w, 1
1970-01-02 01:05:07.108325: AutoUpdate finished successfully
1970-01-02 01:05:07.108741: OpenWindow finished
1970-01-02 01:05:07.109049: ToggleWindow finished
1970-01-02 01:05:33.141360: AutoUpdate called [/home/ginko/Documents/projects/rl_giulia/agent.py]
1970-01-02 01:05:33.142019: Vim filetype: 'python', sanitized filetype: 'python'
1970-01-02 01:05:33.142361: Checking if file is valid [/home/ginko/Documents/projects/rl_giulia/agent.py]
1970-01-02 01:05:33.143280: File data seems up to date [/home/ginko/Documents/projects/rl_giulia/agent.py]
1970-01-02 01:05:33.144404: Setting current file [/home/ginko/Documents/projects/rl_giulia/agent.py]
1970-01-02 01:05:33.145707: goto_win(): wincmd p, 1
1970-01-02 01:05:33.146256: goto_win(): 2wincmd w, 1
1970-01-02 01:05:33.147341: goto_win(): 2wincmd w, 1
1970-01-02 01:05:33.147800: goto_win(): 1wincmd w, 1
1970-01-02 01:05:33.148231: AutoUpdate finished successfully
1970-01-02 01:10:07.383199: AutoUpdate called [/home/ginko/Documents/projects/rl_giulia/agent.py]
1970-01-02 01:10:07.383993: Vim filetype: 'python', sanitized filetype: 'python'
1970-01-02 01:10:07.384345: Checking if file is valid [/home/ginko/Documents/projects/rl_giulia/agent.py]
1970-01-02 01:10:07.385272: File data seems up to date [/home/ginko/Documents/projects/rl_giulia/agent.py]
1970-01-02 01:10:07.386218: Setting current file [/home/ginko/Documents/projects/rl_giulia/agent.py]
1970-01-02 01:10:07.387570: goto_win(): wincmd p, 1
1970-01-02 01:10:07.388136: goto_win(): 2wincmd w, 1
1970-01-02 01:10:07.389197: goto_win(): 2wincmd w, 1
1970-01-02 01:10:07.389657: goto_win(): 1wincmd w, 1
1970-01-02 01:10:07.390101: AutoUpdate finished successfully
1970-01-02 01:11:32.968771: AutoUpdate called [/home/ginko/Documents/projects/rl_giulia/agent.py]
1970-01-02 01:11:32.969435: Vim filetype: 'python', sanitized filetype: 'python'
1970-01-02 01:11:32.969776: Checking if file is valid [/home/ginko/Documents/projects/rl_giulia/agent.py]
1970-01-02 01:11:32.970856: File data seems up to date [/home/ginko/Documents/projects/rl_giulia/agent.py]
1970-01-02 01:11:32.971780: Setting current file [/home/ginko/Documents/projects/rl_giulia/agent.py]
1970-01-02 01:11:32.973075: goto_win(): wincmd p, 1
1970-01-02 01:11:32.973672: goto_win(): 2wincmd w, 1
1970-01-02 01:11:32.974744: goto_win(): 2wincmd w, 1
1970-01-02 01:11:32.975201: goto_win(): 1wincmd w, 1
1970-01-02 01:11:32.975638: AutoUpdate finished successfully
1970-01-02 01:12:14.641570: AutoUpdate called [/home/ginko/Documents/projects/rl_giulia/agent.py]
1970-01-02 01:12:14.642235: Vim filetype: 'python', sanitized filetype: 'python'
1970-01-02 01:12:14.642580: Checking if file is valid [/home/ginko/Documents/projects/rl_giulia/agent.py]
1970-01-02 01:12:14.643501: File data seems up to date [/home/ginko/Documents/projects/rl_giulia/agent.py]
1970-01-02 01:12:14.644536: Setting current file [/home/ginko/Documents/projects/rl_giulia/agent.py]
1970-01-02 01:12:14.645833: goto_win(): wincmd p, 1
1970-01-02 01:12:14.646391: goto_win(): 2wincmd w, 1
1970-01-02 01:12:14.647486: goto_win(): 2wincmd w, 1
1970-01-02 01:12:14.647959: goto_win(): 1wincmd w, 1
1970-01-02 01:12:14.648397: AutoUpdate finished successfully
1970-01-02 01:13:12.174605: AutoUpdate called [/home/ginko/Documents/projects/rl_giulia/agent.py]
1970-01-02 01:13:12.175265: Vim filetype: 'python', sanitized filetype: 'python'
1970-01-02 01:13:12.175611: Checking if file is valid [/home/ginko/Documents/projects/rl_giulia/agent.py]
1970-01-02 01:13:12.176532: File data seems up to date [/home/ginko/Documents/projects/rl_giulia/agent.py]
1970-01-02 01:13:12.177516: Setting current file [/home/ginko/Documents/projects/rl_giulia/agent.py]
1970-01-02 01:13:12.178830: goto_win(): wincmd p, 1
1970-01-02 01:13:12.179458: goto_win(): 2wincmd w, 1
1970-01-02 01:13:12.180827: goto_win(): 2wincmd w, 1
1970-01-02 01:13:12.181315: goto_win(): 1wincmd w, 1
1970-01-02 01:13:12.181762: AutoUpdate finished successfully
1970-01-02 01:13:44.708219: AutoUpdate called [/home/ginko/Documents/projects/rl_giulia/agent.py]
1970-01-02 01:13:44.708887: Vim filetype: 'python', sanitized filetype: 'python'
1970-01-02 01:13:44.848083: Checking if file is valid [/home/ginko/Documents/projects/rl_giulia/agent.py]
1970-01-02 01:13:44.849244: File data seems up to date [/home/ginko/Documents/projects/rl_giulia/agent.py]
1970-01-02 01:13:44.850212: Setting current file [/home/ginko/Documents/projects/rl_giulia/agent.py]
1970-01-02 01:13:44.851662: goto_win(): wincmd p, 1
1970-01-02 01:13:44.852226: goto_win(): 2wincmd w, 1
1970-01-02 01:13:44.853305: goto_win(): 2wincmd w, 1
1970-01-02 01:13:44.853869: goto_win(): 1wincmd w, 1
1970-01-02 01:13:44.854319: AutoUpdate finished successfully
1970-01-02 01:13:58.527716: AutoUpdate called [/home/ginko/Documents/projects/rl_giulia/agent.py]
1970-01-02 01:13:58.528367: Vim filetype: 'python', sanitized filetype: 'python'
1970-01-02 01:13:58.528708: Checking if file is valid [/home/ginko/Documents/projects/rl_giulia/agent.py]
1970-01-02 01:13:58.529643: File data seems up to date [/home/ginko/Documents/projects/rl_giulia/agent.py]
1970-01-02 01:13:58.530679: Setting current file [/home/ginko/Documents/projects/rl_giulia/agent.py]
1970-01-02 01:13:58.531991: goto_win(): wincmd p, 1
1970-01-02 01:13:58.532555: goto_win(): 2wincmd w, 1
1970-01-02 01:13:58.533643: goto_win(): 2wincmd w, 1
1970-01-02 01:13:58.534118: goto_win(): 1wincmd w, 1
1970-01-02 01:13:58.534555: AutoUpdate finished successfully
1970-01-02 01:14:25.361971: AutoUpdate called [/home/ginko/Documents/projects/rl_giulia/agent.py]
1970-01-02 01:14:25.362626: Vim filetype: 'python', sanitized filetype: 'python'
1970-01-02 01:14:25.362968: Checking if file is valid [/home/ginko/Documents/projects/rl_giulia/agent.py]
1970-01-02 01:14:25.364081: File data seems up to date [/home/ginko/Documents/projects/rl_giulia/agent.py]
1970-01-02 01:14:25.365059: Setting current file [/home/ginko/Documents/projects/rl_giulia/agent.py]
1970-01-02 01:14:25.366913: goto_win(): wincmd p, 1
1970-01-02 01:14:25.367508: goto_win(): 2wincmd w, 1
1970-01-02 01:14:25.368324: Highlight pattern: '/^\%7l\s*[▼▶ ][-+# ]\?\zs[^( ]\+\ze/'
1970-01-02 01:14:25.368892: goto_win(): 2wincmd w, 1
1970-01-02 01:14:25.369345: goto_win(): 1wincmd w, 1
1970-01-02 01:14:25.392437: goto_win(): wincmd p, 1
1970-01-02 01:14:25.393046: goto_win(): 2wincmd w, 1
1970-01-02 01:14:25.394170: goto_win(): 2wincmd w, 1
1970-01-02 01:14:25.394645: goto_win(): 1wincmd w, 1
1970-01-02 01:14:25.395076: AutoUpdate finished successfully
1970-01-02 01:14:45.811337: AutoUpdate called [/home/ginko/Documents/projects/rl_giulia/agent.py]
1970-01-02 01:14:45.812002: Vim filetype: 'python', sanitized filetype: 'python'
1970-01-02 01:14:45.812344: Checking if file is valid [/home/ginko/Documents/projects/rl_giulia/agent.py]
1970-01-02 01:14:45.813281: File data seems up to date [/home/ginko/Documents/projects/rl_giulia/agent.py]
1970-01-02 01:14:45.814394: Setting current file [/home/ginko/Documents/projects/rl_giulia/agent.py]
1970-01-02 01:14:45.816237: goto_win(): wincmd p, 1
1970-01-02 01:14:45.816791: goto_win(): 2wincmd w, 1
1970-01-02 01:14:45.817893: goto_win(): 2wincmd w, 1
1970-01-02 01:14:45.818356: goto_win(): 1wincmd w, 1
1970-01-02 01:14:45.818805: AutoUpdate finished successfully
1970-01-02 01:15:18.916598: AutoUpdate called [/home/ginko/Documents/projects/rl_giulia/agent.py]
1970-01-02 01:15:18.917373: Vim filetype: 'python', sanitized filetype: 'python'
1970-01-02 01:15:18.917734: Checking if file is valid [/home/ginko/Documents/projects/rl_giulia/agent.py]
1970-01-02 01:15:18.918609: File data outdated, updating [/home/ginko/Documents/projects/rl_giulia/agent.py]
1970-01-02 01:15:18.918968: ProcessFile called [/home/ginko/Documents/projects/rl_giulia/agent.py]
1970-01-02 01:15:18.919320: Checking if file is valid [/home/ginko/Documents/projects/rl_giulia/agent.py]
1970-01-02 01:15:18.920819: typeinfo for file to process: {'ctagstype': 'python', 'ftype': 'python', 'kinddict': {'c': 1, 'v': 4, 'f': 2, 'i': 0, 'm': 3, '?': 5}, 'sro': '.', 'createKinddict': function('<SNR>78_createKinddict'), 'getKind': function('<SNR>78_getKind'), 'kind2scope': {'c': 'class', 'f': 'function', 'm': 'member', '?': 'unknown'}, 'scope2kind': {'function': 'f', 'class': 'c', 'member': 'm'}, 'kinds': [{'short': 'i', 'long': 'modules', 'fold': 1, 'stl': 0}, {'short': 'c', 'long': 'classes', 'fold': 0, 'stl': 1}, {'short': 'f', 'long': 'functions', 'fold': 0, 'stl': 1}, {'short': 'm', 'long': 'members', 'fold': 0, 'stl': 1}, {'short': 'v', 'long': 'variables', 'fold': 0, 'stl': 0}, {'short': '?', 'long': 'unknown', 'fold': 0, 'stl': 1}]}
1970-01-02 01:15:18.921373: Caching file into: /tmp/nvimRYbDGT/4.py
1970-01-02 01:15:18.922160: ExecuteCtagsOnFile called [/tmp/nvimRYbDGT/4.py]
1970-01-02 01:15:18.923034: EscapeCtagsCmd called
1970-01-02 01:15:18.923337: ctags_bin: ctags
1970-01-02 01:15:18.923739: ctags_args (is a list): ['-f', '-', '--format=2', '--excmd=pattern', '--fields=nksSaf', '--extra=', '--file-scope=yes', '--sort=no', '--append=no', '-V', '--language-force=python', '--python-kinds=icfmv']
1970-01-02 01:15:18.924776: Escaped ctags command: 'ctags' '-f' '-' '--format=2' '--excmd=pattern' '--fields=nksSaf' '--extra=' '--file-scope=yes' '--sort=no' '--append=no' '-V' '--language-force=python' '--python-kinds=icfmv' '/tmp/nvimRYbDGT/4.py'
1970-01-02 01:15:18.925246: Executing ctags command: 'ctags' '-f' '-' '--format=2' '--excmd=pattern' '--fields=nksSaf' '--extra=' '--file-scope=yes' '--sort=no' '--append=no' '-V' '--language-force=python' '--python-kinds=icfmv' '/tmp/nvimRYbDGT/4.py'
1970-01-02 01:15:18.960621: Executing command: "'sh' '-c' ''ctags' '-f' '-' '--format=2' '--excmd=pattern' '--fields=nksSaf' '--extra=' '--file-scope=yes' '--sort=no' '--append=no' '-V' '--language-force=python' '--python-kinds=icfmv' '/tmp/nvimRYbDGT/4.py''"
1970-01-02 01:15:18.961092: Exit code: 0
1970-01-02 01:15:18.984437: Ctags executed successfully
1970-01-02 01:15:18.985756: Filetype tag kinds: ['c', 'v', 'f', 'i', 'm', '?']
1970-01-02 01:15:18.986077: Parsing ctags output
1970-01-02 01:15:19.027495: Processing kind: i, number of tags: 0
1970-01-02 01:15:19.028111: Processing kind: v, number of tags: 0
1970-01-02 01:15:19.031890: RenderContent called
1970-01-02 01:15:19.032587: goto_win(): wincmd p, 1
1970-01-02 01:15:19.033166: goto_win(): 2wincmd w, 1
1970-01-02 01:15:19.034124: Redisplaying file [/home/ginko/Documents/projects/rl_giulia/agent.py]
1970-01-02 01:15:19.035172: PrintKinds called
1970-01-02 01:15:19.035620: Printing kind: i, number of (top-level) tags: 0
1970-01-02 01:15:19.036029: Printing kind: c, number of (top-level) tags: 1
1970-01-02 01:15:19.043442: Printing kind: f, number of (top-level) tags: 0
1970-01-02 01:15:19.044064: Printing kind: m, number of (top-level) tags: 0
1970-01-02 01:15:19.044540: Printing kind: v, number of (top-level) tags: 0
1970-01-02 01:15:19.044976: Printing kind: ?, number of (top-level) tags: 0
1970-01-02 01:15:19.046889: goto_win(): 2wincmd w, 1
1970-01-02 01:15:19.047515: goto_win(): 1wincmd w, 1
1970-01-02 01:15:19.047989: Setting current file [/home/ginko/Documents/projects/rl_giulia/agent.py]
1970-01-02 01:15:19.049316: goto_win(): wincmd p, 1
1970-01-02 01:15:19.049846: goto_win(): 2wincmd w, 1
1970-01-02 01:15:19.050803: Highlight pattern: '/^\%4l\s*[▼▶ ][-+# ]\?\zs[^( ]\+\ze/'
1970-01-02 01:15:19.051456: goto_win(): 2wincmd w, 1
1970-01-02 01:15:19.051973: goto_win(): 1wincmd w, 1
1970-01-02 01:15:19.075819: goto_win(): wincmd p, 1
1970-01-02 01:15:19.076443: goto_win(): 2wincmd w, 1
1970-01-02 01:15:19.077566: goto_win(): 2wincmd w, 1
1970-01-02 01:15:19.078042: goto_win(): 1wincmd w, 1
1970-01-02 01:15:19.078484: AutoUpdate finished successfully
1970-01-02 01:15:19.079014: AutoUpdate called [/home/ginko/Documents/projects/rl_giulia/agent.py]
1970-01-02 01:15:19.079562: Vim filetype: 'python', sanitized filetype: 'python'
1970-01-02 01:15:19.079914: Checking if file is valid [/home/ginko/Documents/projects/rl_giulia/agent.py]
1970-01-02 01:15:19.080951: File data seems up to date [/home/ginko/Documents/projects/rl_giulia/agent.py]
1970-01-02 01:15:19.081911: Setting current file [/home/ginko/Documents/projects/rl_giulia/agent.py]
1970-01-02 01:15:19.083219: goto_win(): wincmd p, 1
1970-01-02 01:15:19.083853: goto_win(): 2wincmd w, 1
1970-01-02 01:15:19.084906: goto_win(): 2wincmd w, 1
1970-01-02 01:15:19.085361: goto_win(): 1wincmd w, 1
1970-01-02 01:15:19.085796: AutoUpdate finished successfully
1970-01-02 01:16:29.206623: ToggleWindow called
1970-01-02 01:16:29.207354: CloseWindow called
1970-01-02 01:16:29.208108: goto_win(): 2wincmd w, 0
1970-01-02 01:16:29.219485: AutoUpdate called [/home/ginko/Documents/projects/rl_giulia/__Tagbar__.1]
1970-01-02 01:16:29.220337: In Tagbar window, stopping processing
1970-01-02 01:16:29.231329: AutoUpdate called [/home/ginko/Documents/projects/rl_giulia/agent.py]
1970-01-02 01:16:29.231928: Vim filetype: 'python', sanitized filetype: 'python'
1970-01-02 01:16:29.232268: Checking if file is valid [/home/ginko/Documents/projects/rl_giulia/agent.py]
1970-01-02 01:16:29.233199: File data seems up to date [/home/ginko/Documents/projects/rl_giulia/agent.py]
1970-01-02 01:16:29.234029: Setting current file [/home/ginko/Documents/projects/rl_giulia/agent.py]
1970-01-02 01:16:29.235910: AutoUpdate finished successfully
1970-01-02 01:16:29.236786: goto_win(): 1wincmd w, 0
1970-01-02 01:16:29.239525: CloseWindow finished
1970-01-02 01:16:29.604878: ToggleWindow called
1970-01-02 01:16:29.605638: OpenWindow called with flags: ''
1970-01-02 01:16:29.606637: Creating autocommands
1970-01-02 01:16:29.608176: AutoUpdate called [/home/ginko/Documents/projects/rl_giulia/agent.py]
1970-01-02 01:16:29.608839: Vim filetype: 'python', sanitized filetype: 'python'
1970-01-02 01:16:29.609193: Checking if file is valid [/home/ginko/Documents/projects/rl_giulia/agent.py]
1970-01-02 01:16:29.610168: File data seems up to date [/home/ginko/Documents/projects/rl_giulia/agent.py]
1970-01-02 01:16:29.611028: Setting current file [/home/ginko/Documents/projects/rl_giulia/agent.py]
1970-01-02 01:16:29.612730: AutoUpdate finished successfully
1970-01-02 01:16:29.623982: AutoUpdate called [/home/ginko/Documents/projects/rl_giulia/__Tagbar__.1]
1970-01-02 01:16:29.624429: Still opening window, stopping processing
1970-01-02 01:16:29.633074: InitWindow called with autoclose: 0
1970-01-02 01:16:29.653760: AutoUpdate called [/home/ginko/Documents/projects/rl_giulia/__Tagbar__.1]
1970-01-02 01:16:29.654320: In Tagbar window, stopping processing
1970-01-02 01:16:29.656444: InitWindow finished
1970-01-02 01:16:29.656868: AutoUpdate called [/home/ginko/Documents/projects/rl_giulia/agent.py]
1970-01-02 01:16:29.657507: Vim filetype: 'python', sanitized filetype: 'python'
1970-01-02 01:16:29.657848: Checking if file is valid [/home/ginko/Documents/projects/rl_giulia/agent.py]
1970-01-02 01:16:29.658781: File data seems up to date [/home/ginko/Documents/projects/rl_giulia/agent.py]
1970-01-02 01:16:29.659450: RenderContent called
1970-01-02 01:16:29.660444: Redisplaying file [/home/ginko/Documents/projects/rl_giulia/agent.py]
1970-01-02 01:16:29.661478: PrintKinds called
1970-01-02 01:16:29.662067: Printing kind: i, number of (top-level) tags: 0
1970-01-02 01:16:29.662484: Printing kind: c, number of (top-level) tags: 1
1970-01-02 01:16:29.669429: Printing kind: f, number of (top-level) tags: 0
1970-01-02 01:16:29.669875: Printing kind: m, number of (top-level) tags: 0
1970-01-02 01:16:29.670346: Printing kind: v, number of (top-level) tags: 0
1970-01-02 01:16:29.670764: Printing kind: ?, number of (top-level) tags: 0
1970-01-02 01:16:29.672499: Setting current file [/home/ginko/Documents/projects/rl_giulia/agent.py]
1970-01-02 01:16:29.697294: AutoUpdate finished successfully
1970-01-02 01:16:29.699310: RenderContent called
1970-01-02 01:16:29.700450: Redisplaying file [/home/ginko/Documents/projects/rl_giulia/agent.py]
1970-01-02 01:16:29.701471: PrintKinds called
1970-01-02 01:16:29.701933: Printing kind: i, number of (top-level) tags: 0
1970-01-02 01:16:29.702359: Printing kind: c, number of (top-level) tags: 1
1970-01-02 01:16:29.709360: Printing kind: f, number of (top-level) tags: 0
1970-01-02 01:16:29.709804: Printing kind: m, number of (top-level) tags: 0
1970-01-02 01:16:29.710217: Printing kind: v, number of (top-level) tags: 0
1970-01-02 01:16:29.710719: Printing kind: ?, number of (top-level) tags: 0
1970-01-02 01:16:29.734400: Highlight pattern: '/^\%7l\s*[▼▶ ][-+# ]\?\zs[^( ]\+\ze/'
1970-01-02 01:16:29.762138: AutoUpdate called [/home/ginko/Documents/projects/rl_giulia/agent.py]
1970-01-02 01:16:29.762746: Vim filetype: 'python', sanitized filetype: 'python'
1970-01-02 01:16:29.763089: Checking if file is valid [/home/ginko/Documents/projects/rl_giulia/agent.py]
1970-01-02 01:16:29.764127: File data seems up to date [/home/ginko/Documents/projects/rl_giulia/agent.py]
1970-01-02 01:16:29.765073: Setting current file [/home/ginko/Documents/projects/rl_giulia/agent.py]
1970-01-02 01:16:29.766722: goto_win(): wincmd p, 1
1970-01-02 01:16:29.767325: goto_win(): 2wincmd w, 1
1970-01-02 01:16:29.768385: goto_win(): 2wincmd w, 1
1970-01-02 01:16:29.768844: goto_win(): 1wincmd w, 1
1970-01-02 01:16:29.769281: AutoUpdate finished successfully
1970-01-02 01:16:29.769701: OpenWindow finished
1970-01-02 01:16:29.770011: ToggleWindow finished
1970-01-02 01:16:33.778254: AutoUpdate called [/home/ginko/Documents/projects/rl_giulia/agent.py]
1970-01-02 01:16:33.778910: Vim filetype: 'python', sanitized filetype: 'python'
1970-01-02 01:16:33.918088: Checking if file is valid [/home/ginko/Documents/projects/rl_giulia/agent.py]
1970-01-02 01:16:33.919135: File data seems up to date [/home/ginko/Documents/projects/rl_giulia/agent.py]
1970-01-02 01:16:33.920090: Setting current file [/home/ginko/Documents/projects/rl_giulia/agent.py]
1970-01-02 01:16:33.922089: goto_win(): wincmd p, 1
1970-01-02 01:16:33.923286: goto_win(): 2wincmd w, 1
1970-01-02 01:16:33.924641: goto_win(): 2wincmd w, 1
1970-01-02 01:16:33.925113: goto_win(): 1wincmd w, 1
1970-01-02 01:16:33.925566: AutoUpdate finished successfully
1970-01-02 01:16:50.207901: Closing Tagbar window due to QuitPre event
1970-01-02 01:16:50.208390: goto_win(): 1wincmd w, 1
